<?xml version="1.0" encoding="UTF-8"?>
<!-- Generated by org.testng.reporters.JUnitReportReporter -->
<testsuite hostname="Dhiman11" failures="0" tests="2" name="test_Class.VBox_Launched" time="0.072" errors="0" timestamp="2025-06-25T13:37:54 IST" skipped="0">
  <testcase classname="test_Class.VBox_Launched" name="startVirtualMachine" time="0.049"/>
  <testcase classname="test_Class.VBox_Launched" name="pushFileToVM" time="0.023"/>
</testsuite> <!-- test_Class.VBox_Launched -->
