<?xml version="1.0" encoding="UTF-8"?>
<!-- Generated by org.testng.reporters.JUnitReportReporter -->
<testsuite hostname="Dhiman11" failures="0" tests="1" name="test_Class.Test_Class" time="2.079" errors="0" timestamp="2025-05-26T11:49:35 IST" skipped="0">
  <testcase classname="test_Class.Test_Class" name="LoginOnCloudConsole" time="2.079"/>
</testsuite> <!-- test_Class.Test_Class -->
