<?xml version="1.0" encoding="UTF-8"?>
<!-- Generated by org.testng.reporters.JUnitReportReporter -->
<testsuite hostname="Dhiman11" failures="0" tests="1" name="test_Class.TC04_Download_Agent" time="106.005" errors="0" timestamp="2025-07-01T12:33:15 IST" skipped="0">
  <testcase classname="test_Class.TC04_Download_Agent" name="DownLoadCloudAgent" time="106.005"/>
</testsuite> <!-- test_Class.TC04_Download_Agent -->
