<?xml version="1.0" encoding="UTF-8"?>
<!-- Generated by org.testng.reporters.JUnitReportReporter -->
<testsuite hostname="Dhiman11" failures="0" tests="9" name="test_Class.TC06_Application_Page" time="556.930" errors="0" timestamp="2025-06-23T18:30:35 IST" skipped="0">
  <testcase classname="test_Class.TC06_Application_Page" name="applicationpage" time="9.957"/>
  <testcase classname="test_Class.TC06_Application_Page" name="installapps" time="198.905"/>
  <testcase classname="test_Class.TC06_Application_Page" name="uninstallsameapps" time="56.309"/>
  <testcase classname="test_Class.TC06_Application_Page" name="CustomApp" time="70.825"/>
  <testcase classname="test_Class.TC06_Application_Page" name="CustomAppUninstallation" time="56.494"/>
  <testcase classname="test_Class.TC06_Application_Page" name="deleteCustomApp" time="14.960"/>
  <testcase classname="test_Class.TC06_Application_Page" name="CreateCustomScript" time="8.897"/>
  <testcase classname="test_Class.TC06_Application_Page" name="InstallCustomScript" time="128.035"/>
  <testcase classname="test_Class.TC06_Application_Page" name="deleteCustomScript" time="12.548"/>
</testsuite> <!-- test_Class.TC06_Application_Page -->
