<?xml version="1.0" encoding="UTF-8"?>
<!-- Generated by org.testng.reporters.JUnitReportReporter -->
<testsuite hostname="Dhiman11" failures="0" tests="2" name="test_Cases_Class.Multi_Server_Test_Cases_Class" time="3022.548" errors="0" timestamp="2025-07-31T12:07:36 IST" skipped="0">
  <testcase classname="test_Cases_Class.Multi_Server_Test_Cases_Class" name="LoginOnProductionServer" time="1528.536"/>
  <testcase classname="test_Cases_Class.Multi_Server_Test_Cases_Class" name="LoginOnProductionServer" time="1494.012"/>
</testsuite> <!-- test_Cases_Class.Multi_Server_Test_Cases_Class -->
