<?xml version="1.0" encoding="UTF-8"?>
<!-- Generated by org.testng.reporters.JUnitReportReporter -->
<testsuite hostname="Dhiman11" failures="0" tests="1" name="test_Cases_Class.TC04_Download_Agent" time="100.647" errors="0" timestamp="2025-07-07T11:18:27 IST" skipped="0">
  <testcase classname="test_Cases_Class.TC04_Download_Agent" name="DownLoadCloudAgent" time="100.647"/>
</testsuite> <!-- test_Cases_Class.TC04_Download_Agent -->
