<?xml version="1.0" encoding="UTF-8"?>
<!-- Generated by org.testng.reporters.JUnitReportReporter -->
<testsuite hostname="Dhiman11" failures="0" tests="1" name="test_Cases_Class.TC01_Login_Class_Page" time="1.678" errors="0" timestamp="2025-08-05T15:43:45 IST" skipped="0">
  <testcase classname="test_Cases_Class.TC01_Login_Class_Page" name="LoginOnCloudConsole" time="1.678"/>
</testsuite> <!-- test_Cases_Class.TC01_Login_Class_Page -->
