<?xml version="1.0" encoding="UTF-8"?>
<!-- Generated by org.testng.reporters.JUnitReportReporter -->
<testsuite hostname="Dhiman11" failures="0" tests="1" name="test_Cases_Class.Vbox_Lounch" time="42.187" errors="0" timestamp="2025-07-18T15:43:02 IST" skipped="0">
  <testcase classname="test_Cases_Class.Vbox_Lounch" name="vmStartInstallAgent" time="42.187"/>
</testsuite> <!-- test_Cases_Class.Vbox_Lounch -->
