<?xml version="1.0" encoding="UTF-8"?>
<!-- Generated by org.testng.reporters.JUnitReportReporter -->
<testsuite hostname="Dhiman11" failures="0" tests="3" name="test_Cases_Class.TC08_Multiple_Login" time="388.485" errors="0" timestamp="2025-07-15T13:28:26 IST" skipped="0">
  <testcase classname="test_Cases_Class.TC08_Multiple_Login" name="loginWithFirstUser" time="268.980"/>
  <testcase classname="test_Cases_Class.TC08_Multiple_Login" name="loginWithSecondUser" time="69.244"/>
  <testcase classname="test_Cases_Class.TC08_Multiple_Login" name="loginWithThirdUser" time="50.261"/>
</testsuite> <!-- test_Cases_Class.TC08_Multiple_Login -->
