<?xml version="1.0" encoding="UTF-8"?>
<!-- Generated by org.testng.reporters.JUnitReportReporter -->
<testsuite hostname="Dhiman11" failures="0" tests="1" name="test_Cases_Class.TC01_Login_Class_Page" time="2.000" errors="0" timestamp="2025-07-07T15:52:07 IST" skipped="0">
  <testcase classname="test_Cases_Class.TC01_Login_Class_Page" name="LoginOnCloudConsole" time="2.000"/>
</testsuite> <!-- test_Cases_Class.TC01_Login_Class_Page -->
